-------------------------------------------------------------------------------
Test set: ec.edu.espe.arquitectura.Matriculacion.MatriculacionApplicationTests
-------------------------------------------------------------------------------
Tests run: 1, Failures: 0, Errors: 1, Skipped: 0, Time elapsed: 8.842 s <<< FAILURE! - in ec.edu.espe.arquitectura.Matriculacion.MatriculacionApplicationTests
contextLoads  Time elapsed: 0.001 s  <<< ERROR!
java.lang.IllegalStateException: Failed to load ApplicationContext
Caused by: org.springframework.beans.factory.BeanCreationException: Error creating bean with name 'entityManagerFactory' defined in class path resource [org/springframework/boot/autoconfigure/orm/jpa/HibernateJpaConfiguration.class]: Invocation of init method failed; nested exception is org.hibernate.AnnotationException: Mixing insertable and non insertable columns in a property is not allowed: ec.edu.espe.arquitectura.Matriculacion.model.EduCalificacion.eduMatriculaNrc
Caused by: org.hibernate.AnnotationException: Mixing insertable and non insertable columns in a property is not allowed: ec.edu.espe.arquitectura.Matriculacion.model.EduCalificacion.eduMatriculaNrc

